

============================== 2023-02-23 09:18:32.018508 | 4cf31afd-ac03-483a-87c7-b853e136e92a ==============================
[0m09:18:32.018508 [info ] [MainThread]: Running with dbt=1.4.1
[0m09:18:32.020629 [debug] [MainThread]: running dbt with arguments {'write_json': True, 'use_colors': True, 'printer_width': 80, 'version_check': True, 'partial_parse': True, 'static_parser': True, 'profiles_dir': 'C:\\Users\\AchrefCheikhLarbi\\.dbt', 'send_anonymous_usage_stats': True, 'quiet': False, 'no_print': False, 'cache_selected_only': False, 'project_name': 'viseo_mdp_dbt_project', 'skip_profile_setup': False, 'which': 'init', 'indirect_selection': 'eager'}
[0m09:18:32.021512 [debug] [MainThread]: Tracking: tracking
[0m09:18:32.055357 [debug] [MainThread]: Sending event: {'category': 'dbt', 'action': 'invocation', 'label': 'start', 'context': [<snowplow_tracker.self_describing_json.SelfDescribingJson object at 0x00000210F5D48940>, <snowplow_tracker.self_describing_json.SelfDescribingJson object at 0x00000210F5D4BA00>, <snowplow_tracker.self_describing_json.SelfDescribingJson object at 0x00000210F5D49180>]}
[0m09:18:32.056355 [info ] [MainThread]: Creating dbt configuration folder at C:\Users\AchrefCheikhLarbi\.dbt
[0m09:18:32.063356 [debug] [MainThread]: Starter project path: C:\Users\AchrefCheikhLarbi\AppData\Local\Programs\Python\Python310\lib\site-packages\dbt\include\starter_project
[0m09:18:37.848911 [debug] [MainThread]: Sending event: {'category': 'dbt', 'action': 'invocation', 'label': 'end', 'context': [<snowplow_tracker.self_describing_json.SelfDescribingJson object at 0x00000210F5D48F40>, <snowplow_tracker.self_describing_json.SelfDescribingJson object at 0x00000210F5D4A680>, <snowplow_tracker.self_describing_json.SelfDescribingJson object at 0x00000210F5D4AAA0>]}
[0m09:18:37.849950 [debug] [MainThread]: Flushing usage events
[0m09:18:38.549976 [error] [MainThread]: Encountered an error:

[0m09:18:38.558930 [error] [MainThread]: Traceback (most recent call last):
  File "C:\Users\AchrefCheikhLarbi\AppData\Local\Programs\Python\Python310\lib\site-packages\dbt\main.py", line 135, in main
    results, succeeded = handle_and_check(args)
  File "C:\Users\AchrefCheikhLarbi\AppData\Local\Programs\Python\Python310\lib\site-packages\dbt\main.py", line 198, in handle_and_check
    task, res = run_from_args(parsed)
  File "C:\Users\AchrefCheikhLarbi\AppData\Local\Programs\Python\Python310\lib\site-packages\dbt\main.py", line 245, in run_from_args
    results = task.run()
  File "C:\Users\AchrefCheikhLarbi\AppData\Local\Programs\Python\Python310\lib\site-packages\dbt\task\init.py", line 304, in run
    adapter = self.ask_for_adapter_choice()
  File "C:\Users\AchrefCheikhLarbi\AppData\Local\Programs\Python\Python310\lib\site-packages\dbt\task\init.py", line 230, in ask_for_adapter_choice
    numeric_choice = click.prompt(prompt_msg, type=click.INT)
  File "C:\Users\AchrefCheikhLarbi\AppData\Local\Programs\Python\Python310\lib\site-packages\click\termui.py", line 166, in prompt
    value = prompt_func(prompt)
  File "C:\Users\AchrefCheikhLarbi\AppData\Local\Programs\Python\Python310\lib\site-packages\click\termui.py", line 149, in prompt_func
    raise Abort() from None
click.exceptions.Abort

